         w __deregister_frame_info
         w __register_frame_info
         w userAppExit
         w userAppInit
00000000 b _TLS_MODULE_BASE_
00000000 a shift
00000000 a shift
00000000 00000004 b stbi__g_failure_reason
00000004 00000004 b stbi__vertically_flip_on_load_local
00000008 00000004 b stbi__vertically_flip_on_load_set
0000000c 00000401 B __ctru_dev_path_buf
00000410 00000802 B __ctru_dev_utf16_buf
00100000 A __start__
00100000 T _start
00100008 T __service_ptr
0010000c T __apt_appid
00100010 T __heap_size
00100014 T __linear_heap_size
00100018 T __system_arglist
0010001c T __system_runflags
00100020 t startup
00100058 t ClearMem
0010006c t ClrLoop
00100094 T _init
001000ac t .udivsi3_skip_div0_test
001000ac T __aeabi_uidiv
001000ac 000001ec T __udivsi3
00100298 00000020 T __aeabi_uidivmod
001002b8 T __aeabi_idiv
001002b8 00000220 T __divsi3
001002c0 t .divsi3_skip_div0_test
001004d8 00000020 T __aeabi_idivmod
001004f8 00000004 W __aeabi_idiv0
001004f8 00000004 W __aeabi_ldiv0
001004fc T __aeabi_drsub
00100504 000002b0 T __aeabi_dsub
00100504 000002b0 T __subdf3
00100508 000002ac T __adddf3
00100508 000002ac T __aeabi_dadd
001007b4 00000024 T __aeabi_ui2d
001007b4 00000024 T __floatunsidf
001007d8 00000028 T __aeabi_i2d
001007d8 00000028 T __floatsidf
00100800 00000048 T __aeabi_f2d
00100800 00000048 T __extendsfdf2
00100848 00000074 T __aeabi_ul2d
00100848 00000074 T __floatundidf
0010085c 00000060 T __aeabi_l2d
0010085c 00000060 T __floatdidf
001008bc T __aeabi_ldivmod
00100990 T __aeabi_uldivmod
001009e8 00000390 T strcmp
00100d70 t __do_global_dtors_aux
00100db0 t frame_dummy
00100ddc 00000098 T LoadMapFromImage
00100e74 00000334 T MoveBox
001011a8 00000980 T MoveEntity
00101b28 00000a00 T MovePlayer
00102528 000017b4 T main
00103cdc 00000084 T Vector2Distance
00103d60 00000098 T Vector2Angle
00103df8 00000074 T MatrixIdentity
00103e6c 000000d0 T MatrixTranslate
00103f3c 000002c4 T MatrixRotate
00104200 000000d0 T MatrixScale
001042d0 0000046c T MatrixMultiply
0010473c 000000ec T MatrixToFloatV
00104828 00000084 T rlMatrixMode
001048ac 00000048 T rlOrtho
001048f4 00000010 T rlPushMatrix
00104904 00000010 T rlPopMatrix
00104914 00000010 T rlLoadIdentity
00104924 00000030 T rlTranslatef
00104954 00000038 T rlRotatef
0010498c 00000020 T rlMultMatrixf
001049ac 00000038 T rlViewport
001049e4 00000074 T rlBegin
00104a58 00000010 T rlEnd
00104a68 00000028 T rlVertex2f
00104a90 00000028 T rlTexCoord2f
00104ab8 00000030 T rlNormal3f
00104ae8 00000058 T rlColor4ub
00104b40 00000030 T rlEnableTexture
00104b70 00000024 T rlDisableTexture
00104b94 00000034 T rlDeleteTextures
00104bc8 000000bc T rlClearColor
00104c84 00000014 T rlClearScreenBuffers
00104c98 000001dc T rlglInit
00104e74 00000008 T rlglClose
00104e7c 00000008 T rlglDraw
00104e84 00000020 T rlCheckBufferLimit
00104ea4 00000268 T rlLoadTexture
0010510c 000001c8 T rlGetGlTextureFormats
001052d4 00000050 T GetTextureDefault
00105324 00000040 T GetShapesTexture
00105364 00000054 T GetShapesTextureRec
001053b8 00000080 T SetShapesTexture
00105438 0000088c T ProcessGestureEvent
00105cc8 0000011c T UpdateGestures
00105de8 00000038 t GetCurrentTime
00105e20 00000050 t u64_to_double
00105e70 000001b8 T InitWindow
00106028 0000002c T CloseWindow
00106054 00000050 T WindowShouldClose
001060a4 00000038 T SetWindowMonitor
001060dc 00000014 T GetScreenWidth
001060f0 00000014 T GetScreenHeight
00106104 00000030 T ClearBackground
00106134 000000bc T BeginDrawing
001061f0 00000168 T EndDrawing
00106358 000000ec T BeginMode2D
00106444 0000006c T EndMode2D
001064b0 00000258 T GetCameraMatrix2D
00106708 000000a4 T SetTargetFPS
001067b0 00000174 T GetFPS
00106924 0000001c T GetFrameTime
00106940 0000005c T GetTime
0010699c 0000010c T IsFileExtension
00106aa8 00000054 T GetExtension
00106afc 000000e8 T GetGamepadAxisMovement
00106be4 00000094 T IsGamepadButtonDown
00106c78 00000098 T GetTouchPosition
00106d10 0000017c t InitGraphicsDevice
00106e90 00000108 t SetupViewport
00106f98 00000494 t SetupFramebuffer
0010742c 00000058 t InitTimer
00107484 00000084 t Wait
00107508 000000f0 t GetGamepadButton
001075f8 00000370 t PollInputEvents
00107968 00000010 t SwapBuffers
00107978 0000008c T DrawRectangle
00107a04 000000a8 T DrawRectangleV
00107aac 00000088 T DrawRectangleRec
00107b34 00000454 T DrawRectanglePro
00107f88 000000b4 T CheckCollisionPointRec
0010803c 000000d4 T CheckCollisionRecs
00108110 000002c8 T GetCollisionRec
001083d8 00000074 t stbi__start_mem
0010844c 00000038 t stbi__stdio_read
00108484 0000002c t stbi__stdio_skip
001084b0 00000034 t stbi__stdio_eof
001084e4 00000034 t stbi__rewind
00108518 00000034 t stbi__err
0010854c 00000024 t stbi__malloc
00108570 0000004c t stbi__addsizes_valid
001085bc 00000078 t stbi__mul2sizes_valid
00108634 00000068 t stbi__mad2sizes_valid
0010869c 00000098 t stbi__mad3sizes_valid
00108734 000000cc t stbi__mad4sizes_valid
00108800 00000064 t stbi__malloc_mad2
00108864 00000074 t stbi__malloc_mad3
001088d8 00000084 t stbi__malloc_mad4
0010895c 000001e0 t stbi__load_main
00108b3c 000000d0 t stbi__convert_16_to_8
00108c0c 00000150 t stbi__vertical_flip
00108d5c 0000018c t stbi__load_and_postprocess_8bit
00108ee8 000000d8 t stbi__float_postprocess
00108fc0 00000058 T stbi_load_from_memory
00109018 00000108 t stbi__loadf_main
00109120 00000058 T stbi_loadf_from_memory
00109178 000000b8 t stbi__refill_buffer
00109230 00000084 t stbi__get8
001092b4 0000008c t stbi__at_eof
00109340 000000c0 t stbi__skip
00109400 0000013c t stbi__getn
0010953c 00000040 t stbi__get16be
0010957c 00000040 t stbi__get32be
001095bc 00000040 t stbi__get16le
001095fc 00000044 t stbi__get32le
00109640 00000088 t stbi__compute_y
001096c8 000007b8 t stbi__convert_format
00109e80 00000088 t stbi__compute_y_16
00109f08 000007cc t stbi__convert_format16
0010a6d4 0000023c t stbi__ldr_to_hdr
0010a910 00000298 t stbi__hdr_to_ldr
0010aba8 000000c8 t stbi__bitreverse16
0010ac70 00000064 t stbi__bit_reverse
0010acd4 00000404 t stbi__zbuild_huffman
0010b0d8 0000004c t stbi__zget8
0010b124 000000b0 t stbi__fill_bits
0010b1d4 0000008c t stbi__zreceive
0010b260 00000168 t stbi__zhuffman_decode_slowpath
0010b3c8 000000c0 t stbi__zhuffman_decode
0010b488 00000124 t stbi__zexpand
0010b5ac 00000304 t stbi__parse_huffman_block
0010b8b0 00000368 t stbi__compute_huffman_codes
0010bc18 00000238 t stbi__parse_uncompressed_block
0010be50 000000e4 t stbi__parse_zlib_header
0010bf34 00000178 t stbi__parse_zlib
0010c0ac 0000006c t stbi__do_zlib
0010c118 000000f8 T stbi_zlib_decode_malloc_guesssize_headerflag
0010c210 00000050 t stbi__get_chunk_header
0010c260 00000080 t stbi__check_png_header
0010c2e0 000000c0 t stbi__paeth
0010c3a0 0000199c t stbi__create_png_image_raw
0010dd3c 00000450 t stbi__create_png_image
0010e18c 000001a0 t stbi__compute_transparency
0010e32c 000001a4 t stbi__compute_transparency16
0010e4d0 00000228 t stbi__expand_png_palette
0010e6f8 000002c0 t stbi__de_iphone
0010e9b8 00000e54 t stbi__parse_png_file
0010f80c 00000238 t stbi__do_png
0010fa44 00000054 t stbi__png_load
0010fa98 00000030 t stbi__png_test
0010fac8 000000d0 t stbi__bmp_test_raw
0010fb98 00000030 t stbi__bmp_test
0010fbc8 000000dc t stbi__high_bit
0010fca4 000000b4 t stbi__bitcount
0010fd58 000000fc t stbi__shiftsigned
0010fe54 000004c8 t stbi__bmp_parse_header
0011031c 00000f8c t stbi__bmp_load
001112a8 00000108 t stbi__tga_get_comp
001113b0 00000208 t stbi__tga_test
001115b8 00000128 t stbi__tga_read_rgb16
001116e0 000008b0 t stbi__tga_load
00111f90 000000c0 t stbi__gif_test_raw
00112050 00000030 t stbi__gif_test
00112080 000000e4 t stbi__gif_parse_colortable
00112164 000001e8 t stbi__gif_header
0011234c 000002ac t stbi__out_gif_code
001125f8 00000420 t stbi__process_gif_raster
00112a18 000008c8 t stbi__gif_load_next
001132e0 00000218 t stbi__gif_load
001134f8 00000088 t stbi__hdr_test_core
00113580 00000060 t stbi__hdr_test
001135e0 000000f4 t stbi__hdr_gettoken
001136d8 000001f4 t stbi__hdr_convert
001138cc 00000740 t stbi__hdr_load
0011400c 0000002c t stbir__min
00114038 00000054 t stbir__saturate
00114090 00000080 t stbir__srgb_to_linear
00114110 00000080 t stbir__linear_to_srgb
00114190 000000f0 t stbir__linear_to_srgb_uchar
00114280 000000ec t stbir__filter_trapezoid
0011436c 00000070 t stbir__support_trapezoid
001143dc 00000054 t stbir__filter_triangle
00114430 000000dc t stbir__filter_cubic
0011450c 000000d0 t stbir__filter_catmullrom
001145dc 000000ec t stbir__filter_mitchell
001146c8 0000001c t stbir__support_zero
001146e4 0000001c t stbir__support_one
00114700 0000001c t stbir__support_two
0011471c 00000034 t stbir__use_upsampling
00114750 0000002c t stbir__use_width_upsampling
0011477c 0000002c t stbir__use_height_upsampling
001147a8 00000120 t stbir__get_filter_pixel_width
001148c8 00000040 t stbir__get_filter_pixel_margin
00114908 000000c0 t stbir__get_coefficient_width
001149c8 00000064 t stbir__get_contributors
00114a2c 00000044 t stbir__get_total_horizontal_coefficients
00114a70 00000044 t stbir__get_total_vertical_coefficients
00114ab4 00000028 t stbir__get_contributor
00114adc 00000060 t stbir__get_coefficient
00114b3c 00000194 t stbir__edge_wrap_slow
00114cd0 00000060 t stbir__edge_wrap
00114d30 0000011c t stbir__calculate_sample_range_upsample
00114e50 0000011c t stbir__calculate_sample_range_downsample
00114f70 000003e0 t stbir__calculate_coefficients_upsample
00115350 00000264 t stbir__calculate_coefficients_downsample
001155b4 000004f8 t stbir__normalize_downsample_coefficients
00115aac 00000258 t stbir__calculate_filters
00115d04 00000038 t stbir__get_decode_buffer
00115d40 00000bd0 t stbir__decode_scanline
00116910 00000034 t stbir__get_ring_buffer_entry
00116944 00000114 t stbir__add_empty_ring_buffer_entry
00116a58 00000874 t stbir__resample_horizontal_upsample
001172cc 000009f8 t stbir__resample_horizontal_downsample
00117cc4 00000078 t stbir__decode_and_resample_upsample
00117d3c 00000094 t stbir__decode_and_resample_downsample
00117dd0 00000060 t stbir__get_ring_buffer_scanline
00117e30 00000a18 t stbir__encode_scanline
00118848 0000093c t stbir__resample_vertical_upsample
00119184 00000698 t stbir__resample_vertical_downsample
0011981c 00000250 t stbir__buffer_loop_upsample
00119a6c 000001dc t stbir__empty_ring_buffer
00119c48 000001f8 t stbir__buffer_loop_downsample
00119e40 0000005c t stbir__setup
00119e9c 00000180 t stbir__calculate_transform
0011a01c 000000b0 t stbir__choose_filter
0011a0cc 0000032c t stbir__calculate_memory
0011a3f8 000006fc t stbir__resize_allocated
0011aaf4 0000012c t stbir__resize_arbitrary
0011ac20 000000cc T stbir_resize_uint8
0011acec 000003f0 T LoadImage
0011b0dc 0000002c T UnloadImage
0011b108 000000d8 T GenImageColor
0011b1e0 0000016c T ImageCopy
0011b34c 000001b0 T ImageFromImage
0011b4fc 00000f48 T ImageFormat
0011c444 0000036c T ImageResize
0011c7b0 00000348 T ImageMipmaps
0011caf8 000001f4 T ImageFlipHorizontal
0011ccec 0000095c T GetImageData
0011d648 00000894 T GetImageDataNormalized
0011dedc 00000b3c T ImageDrawPixel
0011ea18 000000e4 T LoadTextureFromImage
0011eafc 00000050 T UnloadTexture
0011eb4c 00000084 T DrawTexture
0011ebd0 00000128 T DrawTextureEx
0011ecf8 000000fc T DrawTextureRec
0011edf4 0000035c T DrawTexturePro
0011f150 0000019c T GetPixelDataSize
0011f2ec 00000688 t LoadDDS
0011f974 000001f8 t LoadKTX
0011fb6c 0000023c t LoadASTC
0011fda8 000005a0 T LoadFontDefault
00120348 000000b0 T UnloadFontDefault
001203f8 00000044 T GetFontDefault
0012043c 0000005c T DrawFPS
00120498 00000100 T DrawText
00120598 0000038c T DrawTextEx
00120924 0000008c T GetGlyphIndex
001209b0 00000054 T TextLength
00120a04 0000009c T TextFormat
00120aa0 00000048 T TextIsEqual
00120ae8 00000148 T TextSplit
00120c30 000000d4 T TextToLower
00120d04 000003f8 T GetNextCodepoint
001210fc 000001dc T TraceLog
001212d8 00000158 T LoadFileData
00121430 00000190 T _stateInitialize
001215c0 000001dc T _stateDefault
0012179c 00000310 T _stateFlush
00121aac 0000017c T glDisable
00121c28 0000017c T glEnable
00121da4 00000008 T _readRGBA8
00121dac 00000020 T _readRGB8
00121dcc 0000001c T _readLA8
00121de8 00000010 T _readA8
00121df8 0000002c T _writeRGBA4
00121e24 00000024 T _writeRGB565
00121e48 00000010 T _writeLA4
00121e58 0000000c T _writeLA8
00121e64 0000000c T _writeA8
00121e70 00000264 t _textureTile
001220d4 000001dc t glTexEnvi.part.0
001222b0 00000018 T glActiveTexture
001222c8 0000028c T glTexImage2D
00122554 00000170 T glTexParameterf
001226c4 0000000c T glTexParameteri
001226d0 000000a0 T glBindTexture
00122770 00000080 T glGenTextures
001227f0 00000074 T glDeleteTextures
00122864 00000018 T glTexEnvf
0012287c 00000124 T _picaRenderBuffer
001229a0 000000b0 T _picaViewport
00122a50 00000058 T _picaScissorTest
00122aa8 00000030 T _picaCullMode
00122ad8 00000034 T _picaAttribBuffersLocation
00122b0c 000000a8 T _picaAttribBuffersFormat
00122bb4 00000088 T _picaDepthMap
00122c3c 00000054 T _picaStencilTest
00122c90 0000003c T _picaStencilOp
00122ccc 00000044 T _picaAlphaTest
00122d10 00000068 T _picaTextureEnvSet
00122d78 00000020 T _picaTextureEnvReset
00122d98 00000044 T _picaEarlyDepthTest
00122ddc 00000078 T _picaBlendFunction
00122e54 00000070 T _picaUniformFloat
00122ec4 00000044 T _picaDepthTestWriteMask
00122f08 00000064 T _picaFinalize
00122f6c 0000002c T _picaBlendColor
00122f98 000001bc T _picaTextureObjectSet
00123154 000000b4 T _picaImmediateBegin
00123208 0000005c T _picaImmediateEnd
00123264 000000a8 T _picaFixedAttribute
0012330c 0000004c T _picaTexUnitEnable
00123358 00000048 T _picaLogicOp
001233a0 00000030 T _queueWaitAndClear
001233d0 00000044 T _queueRun
00123414 0000006c T glEnableClientState
00123480 0000004c T glAlphaFunc
001234cc 00000050 T glBlendEquation
0012351c 00000204 T glBlendFunc
00123720 0000001c T glClearDepth
0012373c 00000038 T glDepthFunc
00123774 000001b0 T glClear
00123924 00000020 T glClearColor
00123944 00000034 T glCullFace
00123978 000000d8 T glFlush
00123a50 00000044 T glViewport
00123a94 00000044 T glScissor
00123ad8 0000007c T glBegin
00123b54 00000028 T glColor4f
00123b7c 00000060 T glColor4ub
00123bdc 0000001c T glTexCoord2f
00123bf8 00000088 T glVertex2f
00123c80 00000030 T glEnd
00123cb0 0000008c t _AptEventHook
00123d3c 00000040 T pglInit
00123d7c 00000020 T pglExit
00123d9c 000000a4 T pglSwapBuffers
00123e40 00000018 T pglSelectScreen
00123e58 00000004 T glShadeModel
00123e5c 00000004 T glHint
00123e60 00000004 T glFrontFace
00123e64 00000004 T glNormal3f
00123e68 00000004 T glPixelStorei
00123e6c 00000050 T glLoadIdentity
00123ebc 0000002c T glTranslatef
00123ee8 00000118 T glRotatef
00124000 00000030 T glMatrixMode
00124030 0000004c T glOrtho
0012407c 000000e4 T glPopMatrix
00124160 000000d8 T glPushMatrix
00124238 00000094 T glMultMatrixf
001242cc 00000020 T glGetString
001242ec 00000074 T matrix4x4_multiply
00124360 0000009c T matrix4x4_translate
001243fc 000000b8 T matrix4x4_rotate_x
001244b4 000000b8 T matrix4x4_rotate_y
0012456c 000000b8 T matrix4x4_rotate_z
00124624 000000ec T matrix4x4_ortho_tilt
00124710 00000048 T hashTableGet
00124758 0000008c T hashTableInsert
001247e4 00000058 T hashTableRemove
0012483c 0000000c T hashTableUniqueKey
00124848 00000024 t addrMapNodeComparator(rbtree_node const*, rbtree_node const*)
0012486c 00000004 t addrMapNodeDestructor(rbtree_node*)
00124870 00000114 T vramMemAlign
00124984 00000008 T vramAlloc
0012498c 0000005c T vramFree
001249e8 00000024 t addrMapNodeComparator(rbtree_node const*, rbtree_node const*)
00124a0c 00000004 t addrMapNodeDestructor(rbtree_node*)
00124a10 00000120 T linearMemAlign
00124b30 00000008 T linearAlloc
00124b38 0000005c T linearFree
00124b94 00000084 T MemPool::CoalesceRight(MemBlock*)
00124c18 00000170 T MemPool::Allocate(MemChunk&, unsigned long, int)
00124d88 000000fc T MemPool::Deallocate(MemChunk const&)
00124e84 00000008 t romfs_close
00124e8c 000000c8 t romfs_seek
00124f54 00000024 t romfs_dirreset
00124f78 000000c8 t fill_dir
00125040 000002b0 t romfs_dirnext
001252f0 00000084 t romfs_free
00125374 000000d4 t searchForFile.constprop.0
00125448 000000d8 t searchForDir.constprop.0
00125520 000001c0 t navigateToDir.constprop.0
001256e0 00000128 t romfs_open
00125808 0000004c t romfs_chdir
00125854 00000070 t romfs_diropen
001258c4 0000017c t romfs_stat
00125a40 00000008 t romfs_dirclose
00125a48 0000007c t romfs_fstat
00125ac4 000000d4 t romfs_read
00125b98 00000290 T romfsMountFromFile
00125e28 00000098 T romfsMountFromCurrentProcess
00125ec0 0000025c T romfsMountSelf
0012611c 00000074 T osConvertVirtToPhys
00126190 00000054 T osGetTimeRef
001261e4 000000e4 T osGetTime
001262c8 00000074 T __libctru_gtod
0012633c 00000034 T __ctru_speedup_config
00126370 00000038 T osSetSpeedupEnable
001263a8 000000d0 t gfxPresentFramebuffer
00126478 000000ec T gfxSetScreenFormat
00126564 00000010 T gfxGetScreenFormat
00126574 00000108 T gfxInit
0012667c 00000010 T gfxInitDefault
0012668c 000000b4 T gfxExit
00126740 000000a0 T gfxGetFramebuffer
001267e0 00000030 T gfxScreenSwapBuffers
00126810 000001e0 T shaderInstanceInit
001269f0 0000001c T shaderProgramInit
00126a0c 00000080 T shaderProgramSetVsh
00126a8c 000008c0 T shaderProgramConfigure
0012734c 0000013c T shaderProgramUse
00127488 000001f8 t DVLE_GenerateOutmap.part.0
00127680 000001cc T DVLB_ParseFile
0012784c 00000010 T GX_BindQueue
0012785c 00000078 T GX_ProcessCommandList
001278d4 00000070 T GX_DisplayTransfer
00127944 00000074 T GX_TextureCopy
001279b8 00000044 T GX_FlushCacheRegions
001279fc 00000068 t gxCmdQueueDoCommands.part.0
00127a64 000000c8 T gxCmdQueueInterrupt
00127b2c 0000004c T gxCmdQueueClear
00127b78 000000f8 T gxCmdQueueAdd
00127c70 00000080 T gxCmdQueueRun
00127cf0 00000060 T gxCmdQueueStop
00127d50 00000074 T gxCmdQueueWait
00127dc4 0000013c T GPUCMD_Add
00127f00 000000ac T GPUCMD_Split
00127fac 00000040 T f32tof24
00127fec 00000044 T f32tof31
00128030 00000160 T irrstInit
00128190 000000cc T irrstExit
0012825c 000000b0 T irrstScanInput
0012830c 00000024 T irrstKeysHeld
00128330 00000018 T irrstCstickRead
00128348 00000c58 t gspHardwareInit
00128fa0 00000254 T gspInit
001291f4 000000f0 T gspExit
001292e4 00000010 T gspHasGpuRight
001292f4 00000098 T gspPresentBuffer
0012938c 00000050 T gspWaitForEvent
001293dc 0000004c T gspWaitForAnyEvent
00129428 00000160 t gspEventThreadMain
00129588 00000130 T gspSubmitGxCommand
001296b8 00000050 T GSPGPU_FlushDataCache
00129708 00000034 T GSPGPU_SetLcdForceBlack
0012973c 00000068 T GSPGPU_AcquireRight
001297a4 00000048 T GSPGPU_ReleaseRight
001297ec 0000007c T GSPGPU_ImportDisplayCaptureInfo
00129868 0000002c T GSPGPU_SaveVramSysArea
00129894 0000002c T GSPGPU_RestoreVramSysArea
001298c0 000001b0 t aptConvertScreenForCapture
00129a70 00000008 W aptDspSleep
00129a78 00000004 W aptDspWakeup
00129a7c 00000004 W aptDspCancel
00129a80 0000015c T aptSendCommand
00129bdc 00000038 t aptExitProcess
00129c14 000002f0 T aptExit
00129f04 000000d8 T aptHandleSleep
00129fdc 00000030 T aptHook
0012a00c 00000030 T aptUnhook
0012a03c 00000084 T APT_SleepIfShellClosed
0012a0c0 00000084 T aptSetSleepAllowed
0012a144 00000084 T APT_UnlockTransition
0012a1c8 00000484 t aptEventHandler
0012a64c 000000b0 T APT_ReceiveParameter
0012a6fc 000000b0 t aptReceiveParameter.constprop.0
0012a7b0 000002bc t aptScreenTransfer
0012aa6c 000002d0 t aptWaitForWakeUp.isra.0
0012ad3c 000000f8 T aptJumpToHomeMenu
0012ae34 0000004c T aptMainLoop
0012ae80 00000234 T aptInit
0012b0b4 0000007c T APT_CheckNew3DS
0012b130 00000024 W hidShouldUseIrrst
0012b154 0000018c T hidInit
0012b2e0 000000e8 T hidExit
0012b3c8 00000294 T hidScanInput
0012b65c 00000010 T hidKeysHeld
0012b66c 00000010 T hidKeysDown
0012b67c 00000010 T hidKeysUp
0012b68c 00000018 T hidTouchRead
0012b6a4 00000018 T hidCircleRead
0012b6bc 00000074 T ptmSysmInit
0012b730 0000003c T ptmSysmExit
0012b76c 00000034 T PTMSYSM_ConfigureNew3DSCPU
0012b7a0 000000c8 T fsInit
0012b868 0000003c T fsExit
0012b8a4 00000060 T fsExemptFromSession
0012b904 00000050 T fsUnexemptFromSession
0012b954 000000cc T FSUSER_OpenFile
0012ba20 000000d4 T FSUSER_OpenFileDirectly
0012baf4 000000bc T FSUSER_DeleteFile
0012bbb0 000000f8 T FSUSER_RenameFile
0012bca8 000000bc T FSUSER_DeleteDirectory
0012bd64 000000d4 T FSUSER_CreateFile
0012be38 000000c4 T FSUSER_CreateDirectory
0012befc 000000f8 T FSUSER_RenameDirectory
0012bff4 000000b4 T FSUSER_OpenDirectory
0012c0a8 00000094 T FSUSER_OpenArchive
0012c13c 0000008c T FSUSER_CloseArchive
0012c1c8 00000074 T FSUSER_GetSdmcArchiveResource
0012c23c 00000064 T FSUSER_IsSdmcWritable
0012c2a0 00000058 T FSFILE_Read
0012c2f8 00000060 T FSFILE_Write
0012c358 00000038 T FSFILE_GetSize
0012c390 00000028 T FSFILE_SetSize
0012c3b8 0000003c T FSFILE_Close
0012c3f4 00000024 T FSFILE_Flush
0012c418 00000050 T FSDIR_Read
0012c468 0000003c T FSDIR_Close
0012c4a4 00000010 T rbtree_init
0012c4b4 000001a0 t do_insert
0012c654 00000008 T rbtree_insert
0012c65c 00000090 T rbtree_rotate
0012c6ec 00000338 T rbtree_remove
0012ca24 00000074 T rbtree_find
0012ca98 000000e8 T utf16_to_utf8
0012cb80 00000064 T decode_utf16
0012cbe4 000000c0 T utf8_to_utf16
0012cca8 000001e0 W __system_allocateHeaps
0012ce88 00000038 W __libctru_init
0012cec0 000000f0 W __system_initArgv
0012cfb0 T svcControlMemory
0012cfd0 T svcQueryMemory
0012d000 T svcExitProcess
0012d008 T svcCreateThread
0012d028 T svcExitThread
0012d030 T svcSleepThread
0012d038 T svcReleaseMutex
0012d040 T svcCreateEvent
0012d054 T svcSignalEvent
0012d05c T svcClearEvent
0012d064 T svcMapMemoryBlock
0012d06c T svcUnmapMemoryBlock
0012d074 T svcCreateAddressArbiter
0012d088 T svcArbitrateAddressNoTimeout
0012d090 T svcCloseHandle
0012d098 T svcWaitSynchronization
0012d0a0 T svcWaitSynchronizationN
0012d0c8 T svcDuplicateHandle
0012d0dc T svcGetSystemTick
0012d0e4 T svcConnectToPort
0012d0f8 T svcSendSyncRequest
0012d100 T svcGetResourceLimit
0012d114 T svcGetResourceLimitLimitValues
0012d11c T svcGetResourceLimitCurrentValues
0012d124 T svcBreak
0012d12c W initSystem
0012d17c W __ctru_exit
0012d194 T __aeabi_read_tp
0012d1a0 0000000c T __sync_init
0012d1ac 00000018 T __sync_fini
0012d1c4 0000002c T syncArbitrateAddress
0012d1f0 0000001c T LightLock_Init
0012d20c 00000094 T LightLock_Lock
0012d2a0 00000044 T LightLock_TryLock
0012d2e4 00000040 T LightLock_Unlock
0012d324 00000024 T RecursiveLock_Init
0012d348 00000030 T RecursiveLock_Lock
0012d378 00000078 T RecursiveLock_TryLock
0012d3f0 00000054 T RecursiveLock_Unlock
0012d444 00000040 T LightEvent_Init
0012d484 000000a4 T LightEvent_Clear
0012d528 000000c8 T LightEvent_Signal
0012d5f0 00000058 T LightEvent_TryWait
0012d648 000000b0 T LightEvent_Wait
0012d6f8 00000084 W envGetHandle
0012d77c 00000050 W envDestroyHandles
0012d7cc 00000124 T srvInit
0012d8f0 00000058 T srvExit
0012d948 00000080 T srvGetServiceHandleDirect
0012d9c8 00000048 T srvGetServiceHandle
0012da10 00000038 T srvPublishToSubscriber
0012da48 00000188 T threadCreate
0012dbd0 0000002c T threadFree
0012dbfc 00000024 T threadJoin
0012dc20 00000030 T threadGetCurrent
0012dc50 00000040 T threadExit
0012dc90 00000044 t _thread_begin
0012dcd4 00000094 t mappableFindAddressWithin
0012dd68 00000028 T mappableInit
0012dd90 00000080 T mappableAlloc
0012de10 00000004 T mappableFree
0012de14 0000000c T srvPmGetSessionHandle
0012de20 00000050 T rbtree_node_next
0012de70 00000060 T encode_utf16
0012ded0 000000fc T encode_utf8
0012dfcc 0000013c T decode_utf8
0012e108 00000030 W __appInit
0012e138 00000030 t __libctru_nanosleep
0012e168 00000030 t __libctru_get_reent
0012e198 000000f8 T __system_initSyscalls
0012e290 00000030 W __appExit
0012e2c0 00000090 W __libctru_exit
0012e350 00000014 t archive_link
0012e364 00000014 t archive_dirreset
0012e378 00000014 t archive_chmod
0012e38c 00000024 t error_cmp
0012e3b0 00000050 t archive_translate_error
0012e400 000000d4 t archive_seek
0012e4d4 0000007c t _archiveInit.part.0
0012e550 0000008c t archiveFindDevice.part.0
0012e5dc 00000294 t archive_utf16path
0012e870 000000a0 t _archiveUnmountDeviceStruct.part.0
0012e910 00000014 t archive_fchmod
0012e924 00000014 t archive_statvfs
0012e938 00000158 t _archiveMountDevice
0012ea90 000000e8 t archive_diropen
0012eb78 000000a4 t archive_fstat
0012ec1c 0000006c t archive_close
0012ec88 0000006c t archive_fsync
0012ecf4 00000070 t archive_dirclose
0012ed64 000000e8 t sdmc_statvfs
0012ee4c 00000080 t archive_ftruncate
0012eecc 000000fc t archive_chdir
0012efc8 000000b0 t archive_read
0012f078 000000ac t archive_unlink
0012f124 000000c8 t archive_rmdir
0012f1ec 000000ec t archive_mkdir
0012f2d8 000001a8 t archive_stat
0012f480 00000184 t archive_rename
0012f604 00000168 t archive_dirnext
0012f76c 0000012c t archive_write
0012f898 000001f0 t archive_open
0012fa88 000001a4 T archiveMountSdmc
0012fc2c 00000054 T archiveUnmountAll
0012fc80 0000022c T cosf
0012feac 00000024 t with_errnof
0012fed0 0000001c T __math_invalidf
0012fef0 000006f8 T pow
001305e8 0000015c T ceil
00130748 00000164 T floor
001308b0 000000a8 T frexp
00130958 00000070 T roundf
001309c8 00000274 T sinf
00130c3c 0000008c T ldexp
00130cc8 000000dc T round
00130da8 00000138 T scalbn
00130ee0 00000004 T atan2f
00130ee4 00000070 T sqrtf
00130f54 000001a8 T __ieee754_atan2f
001310fc 00000008 T __ieee754_sqrtf
00131104 00000024 t with_errno
00131128 00000028 t xflow
00131150 00000010 T __math_uflow
00131160 00000010 T __math_oflow
00131170 00000050 T __math_divzero
001311c0 0000001c T __math_invalid
001311dc 00000014 T __math_check_uflow
001311f0 00000028 T __math_check_oflow
00131218 000001f4 T atanf
0013140c 00000010 T fabsf
0013141c 00000020 T finite
0013143c 00000120 T __udivmoddi4
0013155c 0000005c T __assert_func
001315b8 00000078 T bsearch
00131630 00000028 T calloc
00131658 00000094 T _calloc_r
001316ec 0000000c T __errno
001316f8 00000034 T exit
0013172c 00000160 T _fclose_r
0013188c 00000020 T fclose
001318ac 00000258 T __sflush_r
00131b04 00000094 T _fflush_r
00131b98 00000038 T fflush
00131bd0 0000000c T _cleanup_r
00131bdc 00000184 T __sinit
00131d60 00000134 T __sfp
00131e94 0000000c T __sfp_lock_acquire
00131ea0 0000000c T __sfp_lock_release
00131eac 0000003c T __libc_fini_array
00131ee8 0000003c T fiprintf
00131f24 00000140 T _fopen_r
00132064 00000028 T fopen
0013208c 000002d0 T _fread_r
0013235c 00000038 T fread
00132394 000000f8 T _malloc_trim_r
0013248c 000002e4 T _free_r
00132770 0000001c T _fseek_r
0013278c 00000034 T fseek
001327c0 000004f8 T _fseeko_r
00132cb8 00000034 T ftell
00132cec 000001bc T _ftello_r
00132ea8 00000068 T _fwalk
00132f10 00000070 T _fwalk_reent
00132f80 0000007c T __libc_init_array
00132ffc 00000138 T __smakebuf_r
00133134 00000028 T memalign
0013315c 00000148 T _memalign_r
001332a4 00000020 T malloc
001332c4 00000020 T free
001332e4 000007f0 T _malloc_r
00133ad4 000000a8 T memcmp
00133b7c 0000011c T memcpy
00133c98 00000154 T memmove
00133dec 00000118 T memset
00133f04 0000000c T __malloc_lock
00133f10 0000000c T __malloc_unlock
00133f1c 0000001c T srand
00133f38 00000028 T realloc
00133f60 00000598 T _realloc_r
001344f8 0000001c t lflush
00134514 000001ac T __srefill_r
001346c0 00000044 T __sread
00134704 00000068 T __swrite
0013476c 00000048 T __sseek
001347b4 00000008 T __sclose
001347bc 00000070 T strcat
0013482c 00000144 T strchr
00134970 000000f0 T strcpy
00134a60 0000005c T strlen
00134abc 000000ec T strncat
00134ba8 000000dc T strncmp
00134c84 000000c0 T strncpy
00134d44 00000048 T strnlen
00134d8c 00000044 T strrchr
00134dd0 000001b0 t _strtol_l.part.0
00134f80 00000058 T strtol
00134fd8 0000064c t get_arg
00135628 00003808 T _svfprintf_r
00138e30 0000003c T time
00138e6c 0000064c t get_arg
001394b8 00000034 T __sprint_r
001394ec 00002584 T _vfiprintf_r
0013ba70 000000d4 t __sbprintf
0013bb44 0000064c t get_arg
0013c190 000038d4 T _vfprintf_r
0013fa64 000000d4 t __sbprintf
0013fb38 00000028 T vprintf
0013fb60 0000005c T vsprintf
0013fbbc 00000054 T _wcrtomb_r
0013fc10 00000028 T _wcsrtombs_r
0013fc38 00000154 T __swsetup_r
0013fd8c 00000014 T abort
0013fda0 00000114 T __call_exitprocs
0013feb4 000001a8 t quorem
00140060 000012ec T _dtoa_r
0014134c 000000c8 T __sflags
00141414 000004a4 T __sfvwrite_r
001418b8 0000000c T _localeconv_r
001418c4 00000010 T __locale_mb_cur_max
001418d4 000002fc T __utf8_mbtowc
00141bd0 000000e0 T memchr
00141cb0 00000088 T _Balloc
00141d38 0000001c T _Bfree
00141d54 000000f4 T __multadd
00141e48 00000058 T __hi0bits
00141ea0 0000009c T __lo0bits
00141f3c 000000a4 T __i2b
00141fe0 00000204 T __multiply
001421e4 00000120 T __pow5mult
00142304 0000013c T __lshift
00142440 00000058 T __mcmp
00142498 000001cc T __mdiff
00142664 0000012c T __d2b
00142790 00000098 T _raise_r
00142828 00000020 T raise
00142848 00000188 T __ssprint_r
001429d0 00000190 T _wcsnrtombs_l
00142b60 0000004c T _wcsnrtombs_r
00142bac 000000f0 T __utf8_wctomb
00142c9c 00000008 t null_write
00142ca4 00000018 T setDefaultDevice
00142cbc 000000c8 T FindDevice
00142d84 00000028 T RemoveDevice
00142dac 0000009c T AddDevice
00142e48 00000020 T GetDeviceOpTab
00142e68 00000078 T _fstat_r
00142ee0 00000014 T _getpid_r
00142ef4 00000038 T _gettimeofday_r
00142f2c 00000008 T _isatty_r
00142f34 00000014 T _kill_r
00142f48 00000084 T _lseek_r
00142fcc 000000c8 T _open_r
00143094 00000080 T _read_r
00143114 00000078 T _sbrk_r
0014318c 00000080 T _write_r
0014320c 00000024 T _exit
00143230 000001b8 T _concatenate_path
001433e8 00000160 T chdir
00143548 00000008 T __flockfile
00143550 00000008 T __funlockfile
00143558 00000018 T __libc_lock_acquire
00143570 00000018 T __libc_lock_release
00143588 00000018 T __libc_lock_init_recursive
001435a0 00000018 T __libc_lock_acquire_recursive
001435b8 00000018 T __libc_lock_release_recursive
001435d0 00000018 T __libc_lock_close_recursive
001435e8 0000008c T __release_handle
00143674 000000b4 T __alloc_handle
00143728 0000003c T __get_handle
00143764 000000f4 T _close_r
00143858 00000028 T __getreent
00143880 T _fini
00144080 00000004 R screenHeight
00144084 00000004 R screenWidth
00144088 00000004 R grav
00144890 0000007c r stbi__zlength_base
0014490c 0000007c r stbi__zlength_extra
00144988 00000080 r stbi__zdist_base
00144a08 00000080 r stbi__zdist_extra
00144b18 00000120 r stbi__zdefault_length
00144c38 00000020 r stbi__zdefault_distance
00144c64 00000009 r stbi__depth_scale_table
001451e4 00000040 r stbiw__jpg_ZigZag
00145224 00000004 r stbir__max_uint8_as_float
00145228 00000004 r stbir__max_uint16_as_float
00145230 00000008 r stbir__max_uint32_as_float
00145238 000001a0 r fp32_to_srgb8_tab4
0014671c 00000020 r __func__.72
0014673c 00000021 r __func__.71
00146760 00000015 r __func__.70
00146778 00000017 r __func__.69
00146790 00000012 r __func__.68
001467a4 00000010 r __func__.67
001467b4 0000001f r __func__.66
001467d4 00000013 r length_dezigzag.65
001467e8 0000001c r __func__.64
00146804 0000001f r __func__.63
00146824 00000008 r png_sig.62
0014682c 0000001b r __func__.61
00146848 0000001b r __func__.60
00146864 0000001d r __func__.59
00146884 00000010 r __func__.58
00146894 00000012 r __func__.56
001468a8 0000000f r __func__.53
001468b8 0000000f r __func__.52
001468c8 0000000f r __func__.51
001468d8 00000016 r __func__.50
001468f0 00000017 r __func__.49
00146908 0000000f r __func__.48
00146918 00000013 r __func__.47
0014692c 00000016 r __func__.39
00146944 00000100 r YQT.38
00146a44 00000100 r UVQT.37
00146b44 00000020 r aasf.36
00146b64 00000019 r head0.35
00146b80 00000011 r std_dc_luminance_nrcodes.34
00146b94 0000000c r std_dc_luminance_values.33
00146ba0 00000011 r std_ac_luminance_nrcodes.32
00146bb4 000000a2 r std_ac_luminance_values.31
00146c58 00000011 r std_dc_chrominance_nrcodes.30
00146c6c 0000000c r std_dc_chrominance_values.29
00146c78 00000011 r std_ac_chrominance_nrcodes.28
00146c8c 000000a2 r std_ac_chrominance_values.27
00146d30 0000000e r head2.26
00146d40 00000400 r YDC_HT.25
00147140 00000400 r YAC_HT.24
00147540 00000400 r UVDC_HT.23
00147940 00000400 r UVAC_HT.22
00147d40 00000004 r fillBits.21
00147d44 00000004 r minval.20
00147d48 00000004 r almostone.19
00147d4c 00000018 r __func__.18
00147d64 00000019 r __func__.17
00147d80 0000001e r __func__.16
00147da0 00000016 r __func__.15
00147db8 00000027 r __func__.14
00147de0 00000029 r __func__.13
00147e0c 00000029 r __func__.12
00147e38 00000017 r __func__.11
00147e50 00000023 r __func__.10
00147e74 00000024 r __func__.9
00147e98 00000026 r __func__.8
00147ec0 00000017 r __func__.7
00147ed8 00000022 r __func__.6
00147efc 00000024 r __func__.5
00147f20 0000001c r __func__.4
00147f3c 0000001e r __func__.3
00147f5c 00000018 r __func__.2
00147f74 00000018 r __func__.1
001491fc 00000016 r __func__.37
00149214 00000012 r __func__.36
00149228 0000001a r __func__.35
00149244 0000001d r __func__.34
00149264 00000010 r __func__.33
00149274 0000000f r __func__.32
00149284 0000000f r __func__.31
00149294 00000015 r __func__.30
001492ac 0000000f r __func__.29
001492bc 00000018 r __func__.28
001492d4 00000015 r __func__.27
001492ec 00000015 r __func__.26
00149304 00000015 r __func__.25
0014931c 00000017 r __func__.24
00149334 00000017 r __func__.23
0014934c 00000018 r __func__.22
00149364 00000015 r __func__.21
0014937c 0000001f r __func__.20
0014939c 00000012 r __func__.19
001493b0 0000001b r __func__.18
001493cc 0000001d r __func__.17
001493ec 0000001e r __func__.16
0014940c 0000001e r __func__.15
0014942c 0000001a r __func__.14
00149448 00000013 r __func__.13
0014945c 00000013 r __func__.12
00149470 00000012 r __func__.11
00149874 0000001c r CSWTCH.67
00149890 00000020 r xlut.1
001498b0 00000020 r ylut.0
001498d0 00000006 r GPU_TEVID.0
001498d8 00000007 r CSWTCH.18
001498e0 00000007 r CSWTCH.16
00149908 0000000c r CSWTCH.1
00149914 R clear_shbin
001499c0 R clear_shbin_end
001499c0 R clear_shbin_size
001499c4 R vshader_shbin
00149af4 R vshader_shbin_end
00149af4 R vshader_shbin_size
00149b1c 00000070 r romFS_devoptab
00149bb8 00000008 r morton_x.3
00149bc0 00000008 r morton_y.2
00149bc8 00000008 r s_sleepWakeEvents.4
00149c20 00000070 r archive_devoptab
00149c90 00000030 r error_table
00149cc0 00000060 R __inv_pio4
00149d20 000000e0 R __sincosf_table
00149e00 0000000c r CSWTCH.8
00149e0c 0000000c r CSWTCH.9
00149e18 00000870 R __exp_data
0014a688 00001048 R __pow_log_data
0014b6d0 00000010 r atanhi
0014b6e0 00000010 r atanlo
0014b730 00000101 R _ctype_
0014b834 00000004 R _global_impure_ptr
0014b874 00000010 r blanks.1
0014b884 00000010 r zeroes.0
0014b894 00000010 r blanks.1
0014b8a4 00000010 r zeroes.0
0014b8b4 00000010 r blanks.1
0014b8c4 00000010 r zeroes.0
0014b8e4 r .LC2
0014b9c0 00000028 R __mprec_bigtens
0014b9e8 000000c8 R __mprec_tens
0014bab0 0000000c r p05.0
0014babc 0000006c R __action_table
0014bb28 00000100 R __chclass
0014bc28 0000006c R __state_table
0014bc94 00000070 R dotab_stdnull
0014bd04 r 
0014bd04 R __exidx_end
0014bd04 R __exidx_start
0014c000 0000000c D tileset
0014c00c 00000004 D __stacksize__
0014c010 00000098 d GESTURES
0014c0a8 00000038 d CAMERA
0014c0e0 0000000c d stbi__stdio_callbacks
0014c0ec 00000004 d stbi__l2h_gamma
0014c0f0 00000004 d stbi__l2h_scale
0014c0f4 00000004 d stbi__h2l_gamma_i
0014c0f8 00000004 d stbi__h2l_scale_i
0014c0fc 00000005 d first_row_filter
0014c104 00000004 D stbi_write_png_compression_level
0014c108 00000004 D stbi_write_tga_with_rle
0014c10c 00000004 D stbi_write_force_png_filter
0014c110 00000004 d stbir__type_size
0014c114 00000400 d stbir__srgb_uchar_to_linear_float
0014c514 00000030 d stbir__filter_info_table
0014c544 00000200 d stb__perlin_randtab
0014c744 00000200 d stb__perlin_randtab_grad_idx
0014c944 00000019 d invalid_chunk.57
0014c960 00000024 d mul_table.55
0014c984 00000024 d shift_table.54
0014c9a8 0000003c d lengthc.46
0014c9e4 0000001d d lengtheb.45
0014ca04 0000003e d distc.44
0014ca44 0000001e d disteb.43
0014ca64 00000400 d crc_table.42
0014ce64 00000014 d mapping.41
0014ce78 00000014 d firstmap.40
0014ce8c 000000c0 d basis.0
0014cf4c 00000004 d logTypeLevel
0014cf50 00000004 d logTypeExit
0014cf54 00000004 d nextCommandBuffer.0
0014cf58 00000004 d queueLock
0014cf5c 00000004 d kCount
0014cf60 00000004 d kDelay
0014cf64 00000004 d kInterval
0014cf68 00000001 D __fdlib_version
0014cf6c 0000000c d __sfp_recursive_mutex
0014cf78 0000000c d __sinit_recursive_mutex
0014cf84 00000004 D _impure_ptr
0014cf88 00000460 d impure_data
0014d3e8 00000408 D __malloc_av_
0014d7f0 00000004 D __malloc_sbrk_base
0014d7f4 00000004 D __malloc_trim_threshold
0014d7f8 0000000c d __malloc_recursive_mutex
0014d804 0000000c D __atexit_recursive_mutex
0014d810 0000016c D __global_locale
0014d97c 00000004 d defaultDevice
0014d980 0000008c D devoptab_list
0014da0c 00000400 d _current_working_directory
0014de0c 00000004 d __hndl_lock
0014de10 0000000c d __stderr_handle
0014de1c 0000000c d __stdin_handle
0014de28 0000000c d __stdout_handle
0014de34 00001000 d handles
0014ee3c d _GLOBAL_OFFSET_TABLE_
0014ee48 d __frame_dummy_init_array_entry
0014ee48 D __init_array_start
0014ee48 B __preinit_array_end
0014ee48 B __preinit_array_start
0014ee48 D __tdata_lma
0014ee48 D __tdata_lma_end
0014ee4c d __do_global_dtors_aux_fini_array_entry
0014ee4c D __fini_array_start
0014ee4c D __init_array_end
0014ee50 D __bss_start__
0014ee50 D __fini_array_end
0014ee50 00000002 B touchedthistime
0014ee54 00000002 B levelbuttons
0014ee58 00000002 B lastlevelbuttons
0014ee5c 00000004 B currentlevel
0014ee60 00000004 B xd
0014ee64 00000004 B renderposx
0014ee68 00000aa4 b RLGL
0014f910 00000720 b CORE
00150030 00000004 b dirFilesPath
00150034 00000004 b dirFilesCount
00150038 00000004 b screenshotCounter
0015003c 00000004 b blendMode.10
00150040 00000008 b previousMousePosition.9
00150048 00000004 b swingCounter.8
0015004c 00000004 b last.7
00150050 00000004 b index.6
00150054 00000004 b average.5
00150058 00000078 b history.4
001500d0 00000080 b fileName.3
00150150 00000200 b dirPath.2
00150350 00000200 b prevDirPath.1
00150550 00000200 b currentDir.0
00150750 00000004 b stbi__vertically_flip_on_load_global
00150754 00000004 b stbi__unpremultiply_on_load
00150758 00000004 b stbi__de_iphone_flag
0015075c 00000004 b stbi__flip_vertically_on_write
00150760 00000024 b defaultFont
00150784 00000004 b index.10
00150788 00001000 b buffers.9
00151788 00000400 b buffer.8
00151b88 00000400 b text.7
00151f88 00000400 b buffer.6
00152388 00000200 b result.5
00152588 00000400 b buffer.4
00152988 00000400 b buffer.3
00152d88 00000400 b buffer.2
00153188 00000006 b utf8.1
00153190 00000800 b codepoints.0
00153990 00000004 b logCallback
00153994 b completed.1
00153998 b object.0
001539b0 00000040 b matrix_mvp.0
001539f0 00000004 B pglState
001539f4 0000000c b _hookCookie
00153a00 0000000c b sAddrMap
00153a0c 00000008 b sVramPool
00153a14 00000008 b sLinearPool
00153a1c 0000000c b sAddrMap
00153a28 00000004 V __romfs_path
00153a2c 00000004 b romfs_mount_list
00153a30 00000001 V __ctru_speedup
00153a34 00000004 b gfxBottomFramebufferMaxSize
00153a38 00000008 b gfxBottomFramebuffers
00153a40 00000002 b gfxCurBuf
00153a44 00000002 b gfxFramebufferFormats
00153a48 00000002 b gfxIsDoubleBuf
00153a4a 00000001 b gfxIsVram
00153a4c 00000004 b gfxTopFramebufferMaxSize
00153a50 00000008 b gfxTopFramebuffers
00153a58 00000001 b gfxTopMode
00153a5c 00000004 b screenAlloc
00153a60 00000004 b screenFree
00153a64 00000004 b boundQueue
00153a68 00000004 b curQueue
00153a6c 00000001 b isActive
00153a6d 00000001 b isRunning
00153a6e 00000001 b shouldStop
00153a70 00000004 B gpuCmdBuf
00153a74 00000004 B gpuCmdBufOffset
00153a78 00000004 B gpuCmdBufSize
00153a7c 00000004 b csPos
00153a80 00000004 B irrstEvent
00153a84 00000004 B irrstHandle
00153a88 00000004 B irrstMemHandle
00153a8c 00000004 b irrstRefCount
00153a90 00000004 B irrstSharedMem
00153a94 00000004 b kHeld
00153a98 00000004 b gspEvent
00153a9c 0000001c b gspEventCb
00153ab8 0000001c b gspEventCbData
00153ad4 00000007 b gspEventCbOneShot
00153adc 00000004 b gspEventThread
00153ae0 00000038 b gspEvents
00153b18 00000004 b gspGpuHandle
00153b1c 00000001 b gspGpuRight
00153b20 00000004 b gspLastEvent
00153b24 00000004 b gspRefCount
00153b28 00000001 b gspRunEvents
00153b2c 00000004 b gspSharedMem
00153b30 00000004 b gspSharedMemHandle
00153b34 00000001 b gspThreadId
00153b35 00000001 b aptChainloadFlags
00153b36 00000001 b aptChainloadMediatype
00153b38 00000008 b aptChainloadTid
00153b40 00000004 b aptEventHandlerThread
00153b44 00000001 b aptEventHandlerThreadQuit
00153b48 00000008 b aptEvents
00153b50 0000000c b aptFirstHook
00153b5c 00000004 b aptFlags
00153b60 00000001 b aptHomeButtonState
00153b64 00000004 b aptLockHandle
00153b68 00000004 b aptMessageFunc
00153b6c 00000004 b aptMessageFuncData
00153b70 00001000 b aptParameters
00154b70 00000008 b aptReceiveEvent
00154b78 00000004 b aptRefCount
00154b7c 00000008 b aptSleepEvent
00154b84 00000001 b flagInit.1
00154b85 00000001 b flagValue.0
00154b88 00000004 b serviceName.6
00154b8c 00000006 b aVec
00154b94 00000004 b cPos
00154b98 00000006 b gRate
00154ba0 00000014 B hidEvents
00154bb4 00000004 B hidHandle
00154bb8 00000004 B hidMemHandle
00154bbc 00000004 b hidRefCount
00154bc0 00000004 B hidSharedMem
00154bc4 00000004 b kDown
00154bc8 00000004 b kHeld
00154bcc 00000004 b kOld
00154bd0 00000004 b kRepeat
00154bd4 00000004 b kUp
00154bd8 00000004 b tPos
00154bdc 00000001 b usingIrrst
00154be0 00000004 b ptmSysmHandle
00154be4 00000004 b ptmSysmRefCount
00154be8 00000080 b fsExemptArchives
00154c68 00000004 b fsuHandle
00154c6c 00000004 b fsuRefCount
00154c70 00000004 B __ctru_heap
00154c74 00000004 V __ctru_heap_size
00154c78 00000004 B __ctru_linear_heap
00154c7c 00000004 V __ctru_linear_heap_size
00154c80 00000004 B __system_retAddr
00154c84 00000004 B __system_argc
00154c88 00000004 B __system_argv
00154c8c b saved_stack
00154c94 00000004 b arbiter
00154c98 00000004 b srvHandle
00154c9c 00000004 b srvRefCount
00154ca0 00000004 b currentAddr
00154ca4 00000004 b maxAddr
00154ca8 00000004 b minAddr
00154cac 00000004 b srvPmHandle
00154cb0 00000004 b archive_device_cwd
00154cb8 00000540 b archive_devices
001551f8 00000001 b archive_initialized
001551fc 00000028 B __malloc_current_mallinfo
00155224 00000004 B __malloc_max_sbrked_mem
00155228 00000004 B __malloc_max_total_mem
0015522c 00000004 B __malloc_top_pad
00155230 00000004 b heap_start.0
00155234 00000004 B fake_heap_end
00155238 00000004 B fake_heap_start
0015523c 00000400 b temp_cwd
0015563c 00000048 B __syscalls
00155684 B __tls_start
00156298 B __bss_end__
00156298 A __end__
00156298 B __tls_end
